2020-11-23T17:33:58.524-0800 [DEBUG] [org.gradle.launcher.daemon.bootstrap.DaemonMain] Assuming the daemon was started with following jvm opts: [-Xmx2000m, -Dfile.encoding=UTF-8, -Duser.country=US, -Duser.language=en, -Duser.variant]
2020-11-23T17:33:58.610-0800 [INFO] [org.gradle.launcher.daemon.server.Daemon] start() called on daemon - DefaultDaemonContext[uid=99ce439e-22ab-4c98-a69d-36ebb5c94a5f,javaHome=/Applications/AndroidStudio.app/Contents/jre/jdk/Contents/Home,daemonRegistryDir=/Users/jose.padilla/Development/Helium/HeliumExamples/android-helium-sdk-example/HeliumExample/daemon,pid=4317,idleTimeout=10800000,priority=NORMAL,daemonOpts=-Xmx2000m,-Dfile.encoding=UTF-8,-Duser.country=US,-Duser.language=en,-Duser.variant]
2020-11-23T17:33:58.631-0800 [DEBUG] [org.gradle.internal.remote.internal.inet.InetAddresses] Adding IP addresses for network interface utun2
2020-11-23T17:33:58.631-0800 [DEBUG] [org.gradle.internal.remote.internal.inet.InetAddresses] Is this a loopback interface? false
2020-11-23T17:33:58.632-0800 [DEBUG] [org.gradle.internal.remote.internal.inet.InetAddresses] Adding remote address /fe80:0:0:0:8ac0:e594:782b:9927%utun2
2020-11-23T17:33:58.632-0800 [DEBUG] [org.gradle.internal.remote.internal.inet.InetAddresses] Adding IP addresses for network interface utun1
2020-11-23T17:33:58.632-0800 [DEBUG] [org.gradle.internal.remote.internal.inet.InetAddresses] Is this a loopback interface? false
2020-11-23T17:33:58.634-0800 [DEBUG] [org.gradle.internal.remote.internal.inet.InetAddresses] Adding remote address /fe80:0:0:0:fca2:ad20:1838:da59%utun1
2020-11-23T17:33:58.634-0800 [DEBUG] [org.gradle.internal.remote.internal.inet.InetAddresses] Adding IP addresses for network interface utun0
2020-11-23T17:33:58.634-0800 [DEBUG] [org.gradle.internal.remote.internal.inet.InetAddresses] Is this a loopback interface? false
2020-11-23T17:33:58.635-0800 [DEBUG] [org.gradle.internal.remote.internal.inet.InetAddresses] Adding remote address /fe80:0:0:0:7355:cd2:b9b2:c9d9%utun0
2020-11-23T17:33:58.635-0800 [DEBUG] [org.gradle.internal.remote.internal.inet.InetAddresses] Adding IP addresses for network interface llw0
2020-11-23T17:33:58.635-0800 [DEBUG] [org.gradle.internal.remote.internal.inet.InetAddresses] Is this a loopback interface? false
2020-11-23T17:33:58.635-0800 [DEBUG] [org.gradle.internal.remote.internal.inet.InetAddresses] Adding remote address /fe80:0:0:0:e8ae:e7ff:fe68:41ff%llw0
2020-11-23T17:33:58.635-0800 [DEBUG] [org.gradle.internal.remote.internal.inet.InetAddresses] Adding IP addresses for network interface awdl0
2020-11-23T17:33:58.636-0800 [DEBUG] [org.gradle.internal.remote.internal.inet.InetAddresses] Is this a loopback interface? false
2020-11-23T17:33:58.636-0800 [DEBUG] [org.gradle.internal.remote.internal.inet.InetAddresses] Adding remote address /fe80:0:0:0:e8ae:e7ff:fe68:41ff%awdl0
2020-11-23T17:33:58.636-0800 [DEBUG] [org.gradle.internal.remote.internal.inet.InetAddresses] Adding IP addresses for network interface en6
2020-11-23T17:33:58.636-0800 [DEBUG] [org.gradle.internal.remote.internal.inet.InetAddresses] Is this a loopback interface? false
2020-11-23T17:33:58.637-0800 [DEBUG] [org.gradle.internal.remote.internal.inet.InetAddresses] Adding remote address /fe80:0:0:0:aede:48ff:fe00:1122%en6
2020-11-23T17:33:58.637-0800 [DEBUG] [org.gradle.internal.remote.internal.inet.InetAddresses] Adding IP addresses for network interface en0
2020-11-23T17:33:58.637-0800 [DEBUG] [org.gradle.internal.remote.internal.inet.InetAddresses] Is this a loopback interface? false
2020-11-23T17:33:58.637-0800 [DEBUG] [org.gradle.internal.remote.internal.inet.InetAddresses] Adding remote address /fe80:0:0:0:1c55:71e3:bd3a:4b86%en0
2020-11-23T17:33:58.637-0800 [DEBUG] [org.gradle.internal.remote.internal.inet.InetAddresses] Adding remote address /102.104.1.6
2020-11-23T17:33:58.638-0800 [DEBUG] [org.gradle.internal.remote.internal.inet.InetAddresses] Adding IP addresses for network interface lo0
2020-11-23T17:33:58.638-0800 [DEBUG] [org.gradle.internal.remote.internal.inet.InetAddresses] Is this a loopback interface? true
2020-11-23T17:33:58.638-0800 [DEBUG] [org.gradle.internal.remote.internal.inet.InetAddresses] Ignoring remote address on loopback interface /fe80:0:0:0:0:0:0:1%lo0
2020-11-23T17:33:58.638-0800 [DEBUG] [org.gradle.internal.remote.internal.inet.InetAddresses] Adding loopback address /0:0:0:0:0:0:0:1%lo0
2020-11-23T17:33:58.638-0800 [DEBUG] [org.gradle.internal.remote.internal.inet.InetAddresses] Adding loopback address /127.94.0.1
2020-11-23T17:33:58.638-0800 [DEBUG] [org.gradle.internal.remote.internal.inet.InetAddresses] Adding loopback address /127.0.0.1
2020-11-23T17:33:58.641-0800 [DEBUG] [org.gradle.internal.remote.internal.inet.TcpIncomingConnector] Listening on [f788cb19-ecf4-4674-be3a-b37cc194bae2 port:60225, addresses:[localhost/127.0.0.1]].
2020-11-23T17:33:58.644-0800 [DEBUG] [org.gradle.launcher.daemon.server.Daemon] Daemon starting at: Mon Nov 23 17:33:58 PST 2020, with address: [f788cb19-ecf4-4674-be3a-b37cc194bae2 port:60225, addresses:[localhost/127.0.0.1]]
2020-11-23T17:33:58.644-0800 [INFO] [org.gradle.launcher.daemon.server.DaemonRegistryUpdater] Advertising the daemon address to the clients: [f788cb19-ecf4-4674-be3a-b37cc194bae2 port:60225, addresses:[localhost/127.0.0.1]]
2020-11-23T17:33:58.644-0800 [DEBUG] [org.gradle.launcher.daemon.server.DaemonRegistryUpdater] Advertised daemon context: DefaultDaemonContext[uid=99ce439e-22ab-4c98-a69d-36ebb5c94a5f,javaHome=/Applications/AndroidStudio.app/Contents/jre/jdk/Contents/Home,daemonRegistryDir=/Users/jose.padilla/Development/Helium/HeliumExamples/android-helium-sdk-example/HeliumExample/daemon,pid=4317,idleTimeout=10800000,priority=NORMAL,daemonOpts=-Xmx2000m,-Dfile.encoding=UTF-8,-Duser.country=US,-Duser.language=en,-Duser.variant]
2020-11-23T17:33:58.645-0800 [DEBUG] [org.gradle.launcher.daemon.registry.PersistentDaemonRegistry] Storing daemon address: [f788cb19-ecf4-4674-be3a-b37cc194bae2 port:60225, addresses:[localhost/127.0.0.1]], context: DefaultDaemonContext[uid=99ce439e-22ab-4c98-a69d-36ebb5c94a5f,javaHome=/Applications/AndroidStudio.app/Contents/jre/jdk/Contents/Home,daemonRegistryDir=/Users/jose.padilla/Development/Helium/HeliumExamples/android-helium-sdk-example/HeliumExample/daemon,pid=4317,idleTimeout=10800000,priority=NORMAL,daemonOpts=-Xmx2000m,-Dfile.encoding=UTF-8,-Duser.country=US,-Duser.language=en,-Duser.variant]
2020-11-23T17:33:58.651-0800 [DEBUG] [org.gradle.cache.internal.DefaultFileLockManager] Waiting to acquire exclusive lock on daemon addresses registry.
2020-11-23T17:33:58.653-0800 [DEBUG] [org.gradle.cache.internal.DefaultFileLockManager] Lock acquired on daemon addresses registry.
2020-11-23T17:33:58.656-0800 [DEBUG] [org.gradle.cache.internal.DefaultFileLockManager] Releasing lock on daemon addresses registry.
2020-11-23T17:33:58.657-0800 [LIFECYCLE] [org.gradle.launcher.daemon.server.Daemon] Daemon server started.
2020-11-23T17:33:58.658-0800 [DEBUG] [org.gradle.launcher.daemon.bootstrap.DaemonStartupCommunication] Completed writing the daemon greeting. Closing streams...
2020-11-23T17:33:58.661-0800 [DEBUG] [org.gradle.launcher.daemon.server.Daemon] stopOnExpiration() called on daemon
2020-11-23T17:33:58.661-0800 [DEBUG] [org.gradle.launcher.daemon.server.Daemon] awaitExpiration() called on daemon
2020-11-23T17:33:58.662-0800 [DEBUG] [org.gradle.launcher.daemon.server.DaemonStateCoordinator] daemon is running. Sleeping until state changes.
2020-11-23T17:33:58.665-0800 [DEBUG] [org.gradle.internal.remote.internal.inet.TcpIncomingConnector] Accepted connection from /127.0.0.1:60226 to /127.0.0.1:60225.
2020-11-23T17:33:58.704-0800 [DEBUG] [org.gradle.launcher.daemon.server.SynchronizedDispatchConnection] thread 25: received class org.gradle.launcher.daemon.protocol.Build
2020-11-23T17:33:58.704-0800 [DEBUG] [org.gradle.launcher.daemon.server.DefaultDaemonConnection] thread 25: Received non-IO message from client: Build{id=4f9607a0-a53b-407c-9b7e-327f75f53834, currentDir=/Users/jose.padilla/Development/Helium/HeliumExamples/android-helium-sdk-example}
2020-11-23T17:33:58.704-0800 [INFO] [org.gradle.launcher.daemon.server.DefaultIncomingConnectionHandler] Received command: Build{id=4f9607a0-a53b-407c-9b7e-327f75f53834, currentDir=/Users/jose.padilla/Development/Helium/HeliumExamples/android-helium-sdk-example}.
2020-11-23T17:33:58.705-0800 [DEBUG] [org.gradle.launcher.daemon.server.DefaultIncomingConnectionHandler] Starting executing command: Build{id=4f9607a0-a53b-407c-9b7e-327f75f53834, currentDir=/Users/jose.padilla/Development/Helium/HeliumExamples/android-helium-sdk-example} with connection: socket connection from /127.0.0.1:60225 to /127.0.0.1:60226.
2020-11-23T17:33:58.706-0800 [ERROR] [org.gradle.launcher.daemon.server.DaemonStateCoordinator] Command execution: started DaemonCommandExecution[command = Build{id=4f9607a0-a53b-407c-9b7e-327f75f53834, currentDir=/Users/jose.padilla/Development/Helium/HeliumExamples/android-helium-sdk-example}, connection = DefaultDaemonConnection: socket connection from /127.0.0.1:60225 to /127.0.0.1:60226] after 0.0 minutes of idle
2020-11-23T17:33:58.707-0800 [INFO] [org.gradle.launcher.daemon.server.DaemonRegistryUpdater] Marking the daemon as busy, address: [f788cb19-ecf4-4674-be3a-b37cc194bae2 port:60225, addresses:[localhost/127.0.0.1]]
2020-11-23T17:33:58.707-0800 [DEBUG] [org.gradle.launcher.daemon.registry.PersistentDaemonRegistry] Marking busy by address: [f788cb19-ecf4-4674-be3a-b37cc194bae2 port:60225, addresses:[localhost/127.0.0.1]]
2020-11-23T17:33:58.707-0800 [DEBUG] [org.gradle.cache.internal.DefaultFileLockManager] Waiting to acquire exclusive lock on daemon addresses registry.
2020-11-23T17:33:58.707-0800 [DEBUG] [org.gradle.cache.internal.DefaultFileLockManager] Lock acquired on daemon addresses registry.
2020-11-23T17:33:58.708-0800 [DEBUG] [org.gradle.cache.internal.DefaultFileLockManager] Releasing lock on daemon addresses registry.
2020-11-23T17:33:58.710-0800 [DEBUG] [org.gradle.launcher.daemon.server.DaemonStateCoordinator] resetting idle timer
2020-11-23T17:33:58.710-0800 [DEBUG] [org.gradle.launcher.daemon.server.DaemonStateCoordinator] daemon is running. Sleeping until state changes.
2020-11-23T17:33:58.710-0800 [INFO] [org.gradle.launcher.daemon.server.exec.StartBuildOrRespondWithBusy] Daemon is about to start building Build{id=4f9607a0-a53b-407c-9b7e-327f75f53834, currentDir=/Users/jose.padilla/Development/Helium/HeliumExamples/android-helium-sdk-example}. Dispatching build started information...
2020-11-23T17:33:58.710-0800 [DEBUG] [org.gradle.launcher.daemon.server.SynchronizedDispatchConnection] thread 27: dispatching org.gradle.launcher.daemon.protocol.BuildStarted@2d11c6fc
2020-11-23T17:33:58.712-0800 [DEBUG] [org.gradle.launcher.daemon.server.exec.EstablishBuildEnvironment] Configuring env variables: {PATH=/usr/local/sbin:/usr/local/opt/ruby/bin:/Users/jose.padilla/.cargo/bin:/usr/local/bin:/usr/bin:/bin:/usr/sbin:/sbin:/usr/local/share/dotnet:~/.dotnet/tools:/Library/Apple/usr/bin:/Library/Frameworks/Mono.framework/Versions/Current/Commands:/Applications/Wireshark.app/Contents/MacOS:/Applications/AndroidStudio.app/Contents/jre/jdk/Contents/Home/:/Users/jose.padilla/Library/Android/sdk/tools:/Users/jose.padilla/Library/Android/sdk/platform-tools:/Users/jose.padilla/.gem/ruby/2.7.0/bin, JAVA_HOME=/Applications/AndroidStudio.app/Contents/jre/jdk/Contents/Home/, COMMAND_MODE=unix2003, ANDROID_HOME=/Users/jose.padilla/Library/Android/sdk, SPACESHIP_VERSION=3.11.1, VERSIONER_PYTHON_VERSION=2.7, LOGNAME=jose.padilla, XPC_SERVICE_NAME=application.com.google.android.studio.36105300.51692993, __CFBundleIdentifier=com.google.android.studio, SHELL=/bin/zsh, PAGER=less, LSCOLORS=Gxfxcxdxbxegedabagacad, OLDPWD=/, USER=jose.padilla, GEM_HOME=/Users/jose.padilla/.gem/ruby/2.7.0/bin, ZSH=/Users/jose.padilla/.oh-my-zsh, TMPDIR=/var/folders/kv/968xk85x3vggxrl_fdwf2cm00000gp/T/, SSH_AUTH_SOCK=/private/tmp/com.apple.launchd.yS7iEycooi/Listeners, SPACESHIP_ROOT=/Users/jose.padilla/.oh-my-zsh/custom/themes/spaceship-prompt, XPC_FLAGS=0x0, __CF_USER_TEXT_ENCODING=0x1F6:0x0:0x0, LESS=-R, LC_CTYPE=en_US.UTF-8, HOME=/Users/jose.padilla}
2020-11-23T17:33:58.714-0800 [DEBUG] [org.gradle.launcher.daemon.server.SynchronizedDispatchConnection] thread 25: received class org.gradle.launcher.daemon.protocol.CloseInput
2020-11-23T17:33:58.714-0800 [DEBUG] [org.gradle.launcher.daemon.server.DefaultDaemonConnection] thread 25: Received IO message from client: org.gradle.launcher.daemon.protocol.CloseInput@63575437
2020-11-23T17:33:58.715-0800 [DEBUG] [org.gradle.launcher.daemon.server.exec.LogToClient] About to start relaying all logs to the client via the connection.
2020-11-23T17:33:58.716-0800 [INFO] [org.gradle.launcher.daemon.server.exec.LogToClient] The client will now receive all logging from the daemon (pid: 4317). The daemon log file: /Users/jose.padilla/Development/Helium/HeliumExamples/android-helium-sdk-example/HeliumExample/daemon/6.1.1/daemon-4317.out.log
2020-11-23T17:33:58.717-0800 [INFO] [org.gradle.launcher.daemon.server.exec.LogAndCheckHealth] Starting build in new daemon [memory: 1.9 GB]
2020-11-23T17:33:58.718-0800 [INFO] [org.gradle.launcher.daemon.server.exec.ForwardClientInput] Closing daemon's stdin at end of input.
2020-11-23T17:33:58.718-0800 [INFO] [org.gradle.launcher.daemon.server.exec.ForwardClientInput] The daemon will no longer process any standard input.
2020-11-23T17:33:58.721-0800 [DEBUG] [org.gradle.launcher.daemon.server.exec.ExecuteBuild] The daemon has started executing the build.
2020-11-23T17:33:58.721-0800 [DEBUG] [org.gradle.launcher.daemon.server.exec.ExecuteBuild] Executing build with daemon context: DefaultDaemonContext[uid=99ce439e-22ab-4c98-a69d-36ebb5c94a5f,javaHome=/Applications/AndroidStudio.app/Contents/jre/jdk/Contents/Home,daemonRegistryDir=/Users/jose.padilla/Development/Helium/HeliumExamples/android-helium-sdk-example/HeliumExample/daemon,pid=4317,idleTimeout=10800000,priority=NORMAL,daemonOpts=-Xmx2000m,-Dfile.encoding=UTF-8,-Duser.country=US,-Duser.language=en,-Duser.variant]

FAILURE: Build failed with an exception.

* Where:
Build file '/Users/jose.padilla/Development/Helium/HeliumExamples/android-helium-sdk-example/HeliumExample/build.gradle' line: 1

* What went wrong:
A problem occurred evaluating project ':HeliumExample'.
> Failed to apply plugin [id 'com.android.internal.version-check']
   > Minimum supported Gradle version is 6.5. Current version is 6.1.1. If using the gradle wrapper, try editing the distributionUrl in /Users/jose.padilla/Development/Helium/HeliumExamples/android-helium-sdk-example/gradle/wrapper/gradle-wrapper.properties to gradle-6.5-all.zip

* Try:
Run with --stacktrace option to get the stack trace. Run with --info or --debug option to get more log output. Run with --scan to get full insights.

* Get more help at https://help.gradle.org

BUILD FAILED in 29s
2020-11-23T17:34:27.091-0800 [DEBUG] [org.gradle.launcher.daemon.server.exec.ExecuteBuild] The daemon has finished executing the build.
2020-11-23T17:34:27.104-0800 [DEBUG] [org.gradle.launcher.daemon.server.DaemonStateCoordinator] daemon is running. Sleeping until state changes.
2020-11-23T17:34:27.104-0800 [DEBUG] [org.gradle.launcher.daemon.server.DaemonStateCoordinator] Command execution: finished waiting for DaemonCommandExecution[command = Build{id=4f9607a0-a53b-407c-9b7e-327f75f53834, currentDir=/Users/jose.padilla/Development/Helium/HeliumExamples/android-helium-sdk-example}, connection = DefaultDaemonConnection: socket connection from /127.0.0.1:60225 to /127.0.0.1:60226]. Result org.gradle.launcher.daemon.server.DaemonStateCoordinator@3965b955 with state Busy
2020-11-23T17:34:27.104-0800 [DEBUG] [org.gradle.launcher.daemon.server.DaemonStateCoordinator] Command execution: completed DaemonCommandExecution[command = Build{id=4f9607a0-a53b-407c-9b7e-327f75f53834, currentDir=/Users/jose.padilla/Development/Helium/HeliumExamples/android-helium-sdk-example}, connection = DefaultDaemonConnection: socket connection from /127.0.0.1:60225 to /127.0.0.1:60226]
2020-11-23T17:34:27.104-0800 [DEBUG] [org.gradle.launcher.daemon.server.DaemonStateCoordinator] resetting idle timer
2020-11-23T17:34:27.105-0800 [INFO] [org.gradle.launcher.daemon.server.DaemonRegistryUpdater] Marking the daemon as idle, address: [f788cb19-ecf4-4674-be3a-b37cc194bae2 port:60225, addresses:[localhost/127.0.0.1]]
2020-11-23T17:34:27.105-0800 [DEBUG] [org.gradle.launcher.daemon.registry.PersistentDaemonRegistry] Marking busy by address: [f788cb19-ecf4-4674-be3a-b37cc194bae2 port:60225, addresses:[localhost/127.0.0.1]]
2020-11-23T17:34:27.105-0800 [DEBUG] [org.gradle.cache.internal.DefaultFileLockManager] Waiting to acquire exclusive lock on daemon addresses registry.
2020-11-23T17:34:27.106-0800 [DEBUG] [org.gradle.cache.internal.DefaultFileLockManager] Lock acquired on daemon addresses registry.
2020-11-23T17:34:27.106-0800 [DEBUG] [org.gradle.cache.internal.DefaultFileLockManager] Releasing lock on daemon addresses registry.
2020-11-23T17:34:27.107-0800 [DEBUG] [org.gradle.launcher.daemon.server.DaemonStateCoordinator] daemon is running. Sleeping until state changes.
2020-11-23T17:34:27.107-0800 [DEBUG] [org.gradle.launcher.daemon.server.exec.ReturnResult] Daemon is dispatching the build result: Success[value=org.gradle.launcher.exec.BuildActionResult@14fe0ff4]
2020-11-23T17:34:27.107-0800 [DEBUG] [org.gradle.launcher.daemon.server.SynchronizedDispatchConnection] thread 24: dispatching Success[value=org.gradle.launcher.exec.BuildActionResult@14fe0ff4]
2020-11-23T17:34:27.112-0800 [DEBUG] [org.gradle.launcher.daemon.server.DefaultIncomingConnectionHandler] Finishing executing command: Build{id=4f9607a0-a53b-407c-9b7e-327f75f53834, currentDir=/Users/jose.padilla/Development/Helium/HeliumExamples/android-helium-sdk-example}
2020-11-23T17:34:27.120-0800 [DEBUG] [org.gradle.launcher.daemon.server.SynchronizedDispatchConnection] thread 25: received class org.gradle.launcher.daemon.protocol.Finished
2020-11-23T17:34:27.120-0800 [DEBUG] [org.gradle.launcher.daemon.server.DefaultDaemonConnection] thread 25: Received non-IO message from client: org.gradle.launcher.daemon.protocol.Finished@342d0783
2020-11-23T17:34:27.120-0800 [DEBUG] [org.gradle.launcher.daemon.server.DefaultIncomingConnectionHandler] Received finished message: org.gradle.launcher.daemon.protocol.Finished@342d0783
2020-11-23T17:34:27.120-0800 [DEBUG] [org.gradle.launcher.daemon.server.SynchronizedDispatchConnection] thread 24: stopping connection
2020-11-23T17:34:27.120-0800 [DEBUG] [org.gradle.internal.remote.internal.inet.SocketConnection] Discarding EOFException: java.io.EOFException
2020-11-23T17:34:27.120-0800 [DEBUG] [org.gradle.launcher.daemon.server.SynchronizedDispatchConnection] thread 25: received null
2020-11-23T17:34:27.120-0800 [DEBUG] [org.gradle.launcher.daemon.server.DefaultDaemonConnection] thread 25: Received end-of-input from client.
2020-11-23T17:34:27.122-0800 [DEBUG] [org.gradle.launcher.daemon.server.SynchronizedDispatchConnection] thread 24: stopping connection
2020-11-23T17:34:28.667-0800 [DEBUG] [org.gradle.cache.internal.DefaultFileLockManager] Waiting to acquire shared lock on daemon addresses registry.
2020-11-23T17:34:28.667-0800 [DEBUG] [org.gradle.cache.internal.DefaultFileLockManager] Lock acquired on daemon addresses registry.
2020-11-23T17:34:28.667-0800 [DEBUG] [org.gradle.cache.internal.DefaultFileLockManager] Releasing lock on daemon addresses registry.
2020-11-23T17:34:28.668-0800 [DEBUG] [org.gradle.cache.internal.DefaultFileLockManager] Waiting to acquire shared lock on daemon addresses registry.
2020-11-23T17:34:28.668-0800 [DEBUG] [org.gradle.cache.internal.DefaultFileLockManager] Lock acquired on daemon addresses registry.
2020-11-23T17:34:28.669-0800 [DEBUG] [org.gradle.cache.internal.DefaultFileLockManager] Releasing lock on daemon addresses registry.
2020-11-23T17:34:38.663-0800 [DEBUG] [org.gradle.cache.internal.DefaultFileLockManager] Waiting to acquire shared lock on daemon addresses registry.
2020-11-23T17:34:38.663-0800 [DEBUG] [org.gradle.cache.internal.DefaultFileLockManager] Lock acquired on daemon addresses registry.
2020-11-23T17:34:38.664-0800 [DEBUG] [org.gradle.cache.internal.DefaultFileLockManager] Releasing lock on daemon addresses registry.
2020-11-23T17:34:38.664-0800 [DEBUG] [org.gradle.cache.internal.DefaultFileLockManager] Waiting to acquire shared lock on daemon addresses registry.
2020-11-23T17:34:38.664-0800 [DEBUG] [org.gradle.cache.internal.DefaultFileLockManager] Lock acquired on daemon addresses registry.
2020-11-23T17:34:38.664-0800 [DEBUG] [org.gradle.cache.internal.DefaultFileLockManager] Releasing lock on daemon addresses registry.
2020-11-23T17:34:38.665-0800 [DEBUG] [org.gradle.cache.internal.DefaultFileLockManager] Waiting to acquire shared lock on daemon addresses registry.
2020-11-23T17:34:38.665-0800 [DEBUG] [org.gradle.cache.internal.DefaultFileLockManager] Lock acquired on daemon addresses registry.
2020-11-23T17:34:38.665-0800 [DEBUG] [org.gradle.cache.internal.DefaultFileLockManager] Releasing lock on daemon addresses registry.
2020-11-23T17:34:48.667-0800 [DEBUG] [org.gradle.cache.internal.DefaultFileLockManager] Waiting to acquire shared lock on daemon addresses registry.
2020-11-23T17:34:48.667-0800 [DEBUG] [org.gradle.cache.internal.DefaultFileLockManager] Lock acquired on daemon addresses registry.
2020-11-23T17:34:48.667-0800 [DEBUG] [org.gradle.cache.internal.DefaultFileLockManager] Releasing lock on daemon addresses registry.
2020-11-23T17:34:48.667-0800 [DEBUG] [org.gradle.cache.internal.DefaultFileLockManager] Waiting to acquire shared lock on daemon addresses registry.
2020-11-23T17:34:48.667-0800 [DEBUG] [org.gradle.cache.internal.DefaultFileLockManager] Lock acquired on daemon addresses registry.
2020-11-23T17:34:48.667-0800 [DEBUG] [org.gradle.cache.internal.DefaultFileLockManager] Releasing lock on daemon addresses registry.
2020-11-23T17:34:48.668-0800 [DEBUG] [org.gradle.cache.internal.DefaultFileLockManager] Waiting to acquire shared lock on daemon addresses registry.
2020-11-23T17:34:48.668-0800 [DEBUG] [org.gradle.cache.internal.DefaultFileLockManager] Lock acquired on daemon addresses registry.
2020-11-23T17:34:48.668-0800 [DEBUG] [org.gradle.cache.internal.DefaultFileLockManager] Releasing lock on daemon addresses registry.
2020-11-23T17:34:58.668-0800 [DEBUG] [org.gradle.cache.internal.DefaultFileLockManager] Waiting to acquire shared lock on daemon addresses registry.
2020-11-23T17:34:58.668-0800 [DEBUG] [org.gradle.cache.internal.DefaultFileLockManager] Lock acquired on daemon addresses registry.
2020-11-23T17:34:58.668-0800 [DEBUG] [org.gradle.cache.internal.DefaultFileLockManager] Releasing lock on daemon addresses registry.
2020-11-23T17:34:58.668-0800 [DEBUG] [org.gradle.cache.internal.DefaultFileLockManager] Waiting to acquire shared lock on daemon addresses registry.
2020-11-23T17:34:58.668-0800 [DEBUG] [org.gradle.cache.internal.DefaultFileLockManager] Lock acquired on daemon addresses registry.
2020-11-23T17:34:58.668-0800 [DEBUG] [org.gradle.cache.internal.DefaultFileLockManager] Releasing lock on daemon addresses registry.
2020-11-23T17:34:58.669-0800 [DEBUG] [org.gradle.cache.internal.DefaultFileLockManager] Waiting to acquire shared lock on daemon addresses registry.
2020-11-23T17:34:58.669-0800 [DEBUG] [org.gradle.cache.internal.DefaultFileLockManager] Lock acquired on daemon addresses registry.
2020-11-23T17:34:58.669-0800 [DEBUG] [org.gradle.cache.internal.DefaultFileLockManager] Releasing lock on daemon addresses registry.
2020-11-23T17:35:08.664-0800 [DEBUG] [org.gradle.cache.internal.DefaultFileLockManager] Waiting to acquire shared lock on daemon addresses registry.
2020-11-23T17:35:08.664-0800 [DEBUG] [org.gradle.cache.internal.DefaultFileLockManager] Lock acquired on daemon addresses registry.
2020-11-23T17:35:08.664-0800 [DEBUG] [org.gradle.cache.internal.DefaultFileLockManager] Releasing lock on daemon addresses registry.
2020-11-23T17:35:08.665-0800 [DEBUG] [org.gradle.cache.internal.DefaultFileLockManager] Waiting to acquire shared lock on daemon addresses registry.
2020-11-23T17:35:08.665-0800 [DEBUG] [org.gradle.cache.internal.DefaultFileLockManager] Lock acquired on daemon addresses registry.
2020-11-23T17:35:08.666-0800 [DEBUG] [org.gradle.cache.internal.DefaultFileLockManager] Releasing lock on daemon addresses registry.
2020-11-23T17:35:08.666-0800 [DEBUG] [org.gradle.cache.internal.DefaultFileLockManager] Waiting to acquire shared lock on daemon addresses registry.
2020-11-23T17:35:08.666-0800 [DEBUG] [org.gradle.cache.internal.DefaultFileLockManager] Lock acquired on daemon addresses registry.
2020-11-23T17:35:08.667-0800 [DEBUG] [org.gradle.cache.internal.DefaultFileLockManager] Releasing lock on daemon addresses registry.
2020-11-23T17:35:18.668-0800 [DEBUG] [org.gradle.cache.internal.DefaultFileLockManager] Waiting to acquire shared lock on daemon addresses registry.
2020-11-23T17:35:18.669-0800 [DEBUG] [org.gradle.cache.internal.DefaultFileLockManager] Lock acquired on daemon addresses registry.
2020-11-23T17:35:18.669-0800 [DEBUG] [org.gradle.cache.internal.DefaultFileLockManager] Releasing lock on daemon addresses registry.
2020-11-23T17:35:18.669-0800 [DEBUG] [org.gradle.cache.internal.DefaultFileLockManager] Waiting to acquire shared lock on daemon addresses registry.
2020-11-23T17:35:18.669-0800 [DEBUG] [org.gradle.cache.internal.DefaultFileLockManager] Lock acquired on daemon addresses registry.
2020-11-23T17:35:18.670-0800 [DEBUG] [org.gradle.cache.internal.DefaultFileLockManager] Releasing lock on daemon addresses registry.
2020-11-23T17:35:18.670-0800 [DEBUG] [org.gradle.cache.internal.DefaultFileLockManager] Waiting to acquire shared lock on daemon addresses registry.
2020-11-23T17:35:18.670-0800 [DEBUG] [org.gradle.cache.internal.DefaultFileLockManager] Lock acquired on daemon addresses registry.
2020-11-23T17:35:18.670-0800 [DEBUG] [org.gradle.cache.internal.DefaultFileLockManager] Releasing lock on daemon addresses registry.
2020-11-23T17:35:28.668-0800 [DEBUG] [org.gradle.cache.internal.DefaultFileLockManager] Waiting to acquire shared lock on daemon addresses registry.
2020-11-23T17:35:28.669-0800 [DEBUG] [org.gradle.cache.internal.DefaultFileLockManager] Lock acquired on daemon addresses registry.
2020-11-23T17:35:28.669-0800 [DEBUG] [org.gradle.cache.internal.DefaultFileLockManager] Releasing lock on daemon addresses registry.
2020-11-23T17:35:28.669-0800 [DEBUG] [org.gradle.cache.internal.DefaultFileLockManager] Waiting to acquire shared lock on daemon addresses registry.
2020-11-23T17:35:28.670-0800 [DEBUG] [org.gradle.cache.internal.DefaultFileLockManager] Lock acquired on daemon addresses registry.
2020-11-23T17:35:28.670-0800 [DEBUG] [org.gradle.cache.internal.DefaultFileLockManager] Releasing lock on daemon addresses registry.
2020-11-23T17:35:28.670-0800 [DEBUG] [org.gradle.cache.internal.DefaultFileLockManager] Waiting to acquire shared lock on daemon addresses registry.
2020-11-23T17:35:28.671-0800 [DEBUG] [org.gradle.cache.internal.DefaultFileLockManager] Lock acquired on daemon addresses registry.
2020-11-23T17:35:28.671-0800 [DEBUG] [org.gradle.cache.internal.DefaultFileLockManager] Releasing lock on daemon addresses registry.
2020-11-23T17:35:38.664-0800 [DEBUG] [org.gradle.cache.internal.DefaultFileLockManager] Waiting to acquire shared lock on daemon addresses registry.
2020-11-23T17:35:38.664-0800 [DEBUG] [org.gradle.cache.internal.DefaultFileLockManager] Lock acquired on daemon addresses registry.
2020-11-23T17:35:38.665-0800 [DEBUG] [org.gradle.cache.internal.DefaultFileLockManager] Releasing lock on daemon addresses registry.
2020-11-23T17:35:38.665-0800 [DEBUG] [org.gradle.cache.internal.DefaultFileLockManager] Waiting to acquire shared lock on daemon addresses registry.
2020-11-23T17:35:38.665-0800 [DEBUG] [org.gradle.cache.internal.DefaultFileLockManager] Lock acquired on daemon addresses registry.
2020-11-23T17:35:38.666-0800 [DEBUG] [org.gradle.cache.internal.DefaultFileLockManager] Releasing lock on daemon addresses registry.
2020-11-23T17:35:38.666-0800 [DEBUG] [org.gradle.cache.internal.DefaultFileLockManager] Waiting to acquire shared lock on daemon addresses registry.
2020-11-23T17:35:38.666-0800 [DEBUG] [org.gradle.cache.internal.DefaultFileLockManager] Lock acquired on daemon addresses registry.
2020-11-23T17:35:38.666-0800 [DEBUG] [org.gradle.cache.internal.DefaultFileLockManager] Releasing lock on daemon addresses registry.
2020-11-23T17:35:48.668-0800 [DEBUG] [org.gradle.cache.internal.DefaultFileLockManager] Waiting to acquire shared lock on daemon addresses registry.
2020-11-23T17:35:48.668-0800 [DEBUG] [org.gradle.cache.internal.DefaultFileLockManager] Lock acquired on daemon addresses registry.
2020-11-23T17:35:48.669-0800 [DEBUG] [org.gradle.cache.internal.DefaultFileLockManager] Releasing lock on daemon addresses registry.
2020-11-23T17:35:48.669-0800 [DEBUG] [org.gradle.cache.internal.DefaultFileLockManager] Waiting to acquire shared lock on daemon addresses registry.
2020-11-23T17:35:48.669-0800 [DEBUG] [org.gradle.cache.internal.DefaultFileLockManager] Lock acquired on daemon addresses registry.
2020-11-23T17:35:48.670-0800 [DEBUG] [org.gradle.cache.internal.DefaultFileLockManager] Releasing lock on daemon addresses registry.
2020-11-23T17:35:48.670-0800 [DEBUG] [org.gradle.cache.internal.DefaultFileLockManager] Waiting to acquire shared lock on daemon addresses registry.
2020-11-23T17:35:48.670-0800 [DEBUG] [org.gradle.cache.internal.DefaultFileLockManager] Lock acquired on daemon addresses registry.
2020-11-23T17:35:48.670-0800 [DEBUG] [org.gradle.cache.internal.DefaultFileLockManager] Releasing lock on daemon addresses registry.
2020-11-23T17:35:58.664-0800 [DEBUG] [org.gradle.cache.internal.DefaultFileLockManager] Waiting to acquire shared lock on daemon addresses registry.
2020-11-23T17:35:58.665-0800 [DEBUG] [org.gradle.cache.internal.DefaultFileLockManager] Lock acquired on daemon addresses registry.
2020-11-23T17:35:58.665-0800 [DEBUG] [org.gradle.cache.internal.DefaultFileLockManager] Releasing lock on daemon addresses registry.
2020-11-23T17:35:58.665-0800 [DEBUG] [org.gradle.cache.internal.DefaultFileLockManager] Waiting to acquire shared lock on daemon addresses registry.
2020-11-23T17:35:58.666-0800 [DEBUG] [org.gradle.cache.internal.DefaultFileLockManager] Lock acquired on daemon addresses registry.
2020-11-23T17:35:58.666-0800 [DEBUG] [org.gradle.cache.internal.DefaultFileLockManager] Releasing lock on daemon addresses registry.
2020-11-23T17:35:58.666-0800 [DEBUG] [org.gradle.cache.internal.DefaultFileLockManager] Waiting to acquire shared lock on daemon addresses registry.
2020-11-23T17:35:58.666-0800 [DEBUG] [org.gradle.cache.internal.DefaultFileLockManager] Lock acquired on daemon addresses registry.
2020-11-23T17:35:58.667-0800 [DEBUG] [org.gradle.cache.internal.DefaultFileLockManager] Releasing lock on daemon addresses registry.
2020-11-23T17:36:08.669-0800 [DEBUG] [org.gradle.cache.internal.DefaultFileLockManager] Waiting to acquire shared lock on daemon addresses registry.
2020-11-23T17:36:08.670-0800 [DEBUG] [org.gradle.cache.internal.DefaultFileLockManager] Lock acquired on daemon addresses registry.
2020-11-23T17:36:08.670-0800 [DEBUG] [org.gradle.cache.internal.DefaultFileLockManager] Releasing lock on daemon addresses registry.
2020-11-23T17:36:08.671-0800 [DEBUG] [org.gradle.cache.internal.DefaultFileLockManager] Waiting to acquire shared lock on daemon addresses registry.
2020-11-23T17:36:08.671-0800 [DEBUG] [org.gradle.cache.internal.DefaultFileLockManager] Lock acquired on daemon addresses registry.
2020-11-23T17:36:08.671-0800 [DEBUG] [org.gradle.cache.internal.DefaultFileLockManager] Releasing lock on daemon addresses registry.
2020-11-23T17:36:08.672-0800 [DEBUG] [org.gradle.cache.internal.DefaultFileLockManager] Waiting to acquire shared lock on daemon addresses registry.
2020-11-23T17:36:08.672-0800 [DEBUG] [org.gradle.cache.internal.DefaultFileLockManager] Lock acquired on daemon addresses registry.
2020-11-23T17:36:08.672-0800 [DEBUG] [org.gradle.cache.internal.DefaultFileLockManager] Releasing lock on daemon addresses registry.
2020-11-23T17:36:18.667-0800 [DEBUG] [org.gradle.cache.internal.DefaultFileLockManager] Waiting to acquire shared lock on daemon addresses registry.
2020-11-23T17:36:18.667-0800 [DEBUG] [org.gradle.cache.internal.DefaultFileLockManager] Lock acquired on daemon addresses registry.
2020-11-23T17:36:18.667-0800 [DEBUG] [org.gradle.cache.internal.DefaultFileLockManager] Releasing lock on daemon addresses registry.
2020-11-23T17:36:18.668-0800 [DEBUG] [org.gradle.cache.internal.DefaultFileLockManager] Waiting to acquire shared lock on daemon addresses registry.
2020-11-23T17:36:18.668-0800 [DEBUG] [org.gradle.cache.internal.DefaultFileLockManager] Lock acquired on daemon addresses registry.
2020-11-23T17:36:18.668-0800 [DEBUG] [org.gradle.cache.internal.DefaultFileLockManager] Releasing lock on daemon addresses registry.
2020-11-23T17:36:18.668-0800 [WARN] [org.gradle.launcher.daemon.server.DaemonRegistryUnavailableExpirationStrategy] Daemon registry /Users/jose.padilla/Development/Helium/HeliumExamples/android-helium-sdk-example/HeliumExample/daemon became unreadable. Expiring daemon.
2020-11-23T17:36:18.669-0800 [DEBUG] [org.gradle.launcher.daemon.server.DaemonRegistryUpdater] Storing daemon stop event: after the daemon registry became unreadable
2020-11-23T17:36:18.671-0800 [DEBUG] [org.gradle.launcher.daemon.registry.PersistentDaemonRegistry] Storing daemon stop event with timestamp 1606181778670
2020-11-23T17:36:18.672-0800 [DEBUG] [org.gradle.cache.internal.DefaultFileLockManager] Waiting to acquire exclusive lock on daemon addresses registry.
2020-11-23T17:36:18.672-0800 [DEBUG] [org.gradle.cache.internal.DefaultFileLockManager] Lock acquired on daemon addresses registry.
2020-11-23T17:36:18.672-0800 [DEBUG] [org.gradle.cache.internal.DefaultFileLockManager] Releasing lock on daemon addresses registry.
2020-11-23T17:36:18.673-0800 [DEBUG] [org.gradle.cache.internal.DefaultFileLockManager] Waiting to acquire exclusive lock on daemon addresses registry.
2020-11-23T17:36:18.674-0800 [DEBUG] [org.gradle.cache.internal.DefaultFileLockManager] Lock acquired on daemon addresses registry.
2020-11-23T17:36:18.674-0800 [DEBUG] [org.gradle.cache.internal.DefaultFileLockManager] Releasing lock on daemon addresses registry.
2020-11-23T17:36:18.675-0800 [LIFECYCLE] [org.gradle.launcher.daemon.server.DaemonStateCoordinator] Daemon will be stopped at the end of the build after the daemon registry became unreadable
2020-11-23T17:36:18.675-0800 [DEBUG] [org.gradle.launcher.daemon.server.DaemonStateCoordinator] Marking daemon stopped due to after the daemon registry became unreadable. The daemon is running a build: false
2020-11-23T17:36:18.675-0800 [DEBUG] [org.gradle.launcher.daemon.server.DaemonStateCoordinator] daemon has stopped.
2020-11-23T17:36:18.675-0800 [DEBUG] [org.gradle.launcher.daemon.server.Daemon] stop() called on daemon
2020-11-23T17:36:18.675-0800 [INFO] [org.gradle.launcher.daemon.server.Daemon] Stop requested. Daemon is removing its presence from the registry...
2020-11-23T17:36:18.675-0800 [DEBUG] [org.gradle.launcher.daemon.server.DaemonRegistryUpdater] Removing our presence to clients, eg. removing this address from the registry: [f788cb19-ecf4-4674-be3a-b37cc194bae2 port:60225, addresses:[localhost/127.0.0.1]]
2020-11-23T17:36:18.675-0800 [DEBUG] [org.gradle.launcher.daemon.registry.PersistentDaemonRegistry] Removing daemon address: [f788cb19-ecf4-4674-be3a-b37cc194bae2 port:60225, addresses:[localhost/127.0.0.1]]
2020-11-23T17:36:18.676-0800 [DEBUG] [org.gradle.cache.internal.DefaultFileLockManager] Waiting to acquire exclusive lock on daemon addresses registry.
2020-11-23T17:36:18.677-0800 [DEBUG] [org.gradle.cache.internal.DefaultFileLockManager] Lock acquired on daemon addresses registry.
2020-11-23T17:36:18.678-0800 [DEBUG] [org.gradle.cache.internal.DefaultFileLockManager] Releasing lock on daemon addresses registry.
2020-11-23T17:36:18.679-0800 [DEBUG] [org.gradle.launcher.daemon.server.DaemonRegistryUpdater] Address removed from registry.
2020-11-23T17:36:18.682-0800 [DEBUG] [org.gradle.cache.internal.DefaultCacheAccess] Cache jars (/Users/jose.padilla/Development/Helium/HeliumExamples/android-helium-sdk-example/HeliumExample/caches/jars-3) could not run cleanup action org.gradle.cache.internal.DefaultPersistentDirectoryStore$Cleanup@3148f668
2020-11-23T17:36:18.682-0800 [DEBUG] [org.gradle.cache.internal.DefaultCacheAccess] Cache jars (/Users/jose.padilla/Development/Helium/HeliumExamples/android-helium-sdk-example/HeliumExample/caches/jars-3) was closed 0 times.
2020-11-23T17:36:18.709-0800 [DEBUG] [org.gradle.cache.internal.DefaultCacheAccess] Cache Generated Gradle JARs cache (/Users/jose.padilla/Development/Helium/HeliumExamples/android-helium-sdk-example/HeliumExample/caches/6.1.1/generated-gradle-jars) was closed 0 times.
2020-11-23T17:36:18.709-0800 [DEBUG] [org.gradle.cache.internal.LockOnDemandCrossProcessCacheAccess] Releasing file lock for artifact cache (/Users/jose.padilla/Development/Helium/HeliumExamples/android-helium-sdk-example/HeliumExample/caches/modules-2)
2020-11-23T17:36:18.709-0800 [DEBUG] [org.gradle.cache.internal.btree.BTreePersistentIndexedCache] Closing cache module-metadata.bin (/Users/jose.padilla/Development/Helium/HeliumExamples/android-helium-sdk-example/HeliumExample/caches/modules-2/metadata-2.95/module-metadata.bin)
2020-11-23T17:36:18.710-0800 [DEBUG] [org.gradle.cache.internal.btree.BTreePersistentIndexedCache] Closing cache module-artifact.bin (/Users/jose.padilla/Development/Helium/HeliumExamples/android-helium-sdk-example/HeliumExample/caches/modules-2/metadata-2.95/module-artifact.bin)
2020-11-23T17:36:18.710-0800 [DEBUG] [org.gradle.cache.internal.btree.BTreePersistentIndexedCache] Closing cache resource-at-url.bin (/Users/jose.padilla/Development/Helium/HeliumExamples/android-helium-sdk-example/HeliumExample/caches/modules-2/metadata-2.95/resource-at-url.bin)
2020-11-23T17:36:18.710-0800 [DEBUG] [org.gradle.cache.internal.DefaultFileLockManager] Releasing lock on artifact cache (/Users/jose.padilla/Development/Helium/HeliumExamples/android-helium-sdk-example/HeliumExample/caches/modules-2).
2020-11-23T17:36:18.710-0800 [DEBUG] [org.gradle.cache.internal.DefaultCacheAccess] Cache artifact cache (/Users/jose.padilla/Development/Helium/HeliumExamples/android-helium-sdk-example/HeliumExample/caches/modules-2) could not run cleanup action org.gradle.cache.internal.DefaultPersistentDirectoryStore$Cleanup@6e005dc9
2020-11-23T17:36:18.711-0800 [DEBUG] [org.gradle.cache.internal.DefaultCacheAccess] Cache Artifact transforms cache (/Users/jose.padilla/Development/Helium/HeliumExamples/android-helium-sdk-example/HeliumExample/caches/transforms-2) could not run cleanup action org.gradle.cache.internal.DefaultPersistentDirectoryStore$Cleanup@7ceb3185
2020-11-23T17:36:18.711-0800 [DEBUG] [org.gradle.cache.internal.DefaultCacheAccess] Cache Artifact transforms cache (/Users/jose.padilla/Development/Helium/HeliumExamples/android-helium-sdk-example/HeliumExample/caches/transforms-2) was closed 0 times.
2020-11-23T17:36:18.712-0800 [DEBUG] [org.gradle.cache.internal.LockOnDemandCrossProcessCacheAccess] Releasing file lock for journal cache (/Users/jose.padilla/Development/Helium/HeliumExamples/android-helium-sdk-example/HeliumExample/caches/journal-1)
2020-11-23T17:36:18.713-0800 [DEBUG] [org.gradle.cache.internal.btree.BTreePersistentIndexedCache] Closing cache file-access.bin (/Users/jose.padilla/Development/Helium/HeliumExamples/android-helium-sdk-example/HeliumExample/caches/journal-1/file-access.bin)
2020-11-23T17:36:18.714-0800 [DEBUG] [org.gradle.cache.internal.DefaultFileLockManager] Releasing lock on journal cache (/Users/jose.padilla/Development/Helium/HeliumExamples/android-helium-sdk-example/HeliumExample/caches/journal-1).
2020-11-23T17:36:18.715-0800 [DEBUG] [org.gradle.cache.internal.LockOnDemandCrossProcessCacheAccess] Releasing file lock for file hash cache (/Users/jose.padilla/Development/Helium/HeliumExamples/android-helium-sdk-example/HeliumExample/caches/6.1.1/fileHashes)
2020-11-23T17:36:18.715-0800 [DEBUG] [org.gradle.cache.internal.btree.BTreePersistentIndexedCache] Closing cache fileHashes.bin (/Users/jose.padilla/Development/Helium/HeliumExamples/android-helium-sdk-example/HeliumExample/caches/6.1.1/fileHashes/fileHashes.bin)
2020-11-23T17:36:18.715-0800 [DEBUG] [org.gradle.cache.internal.btree.BTreePersistentIndexedCache] Closing cache resourceHashesCache.bin (/Users/jose.padilla/Development/Helium/HeliumExamples/android-helium-sdk-example/HeliumExample/caches/6.1.1/fileHashes/resourceHashesCache.bin)
2020-11-23T17:36:18.717-0800 [DEBUG] [org.gradle.cache.internal.DefaultFileLockManager] Releasing lock on file hash cache (/Users/jose.padilla/Development/Helium/HeliumExamples/android-helium-sdk-example/HeliumExample/caches/6.1.1/fileHashes).
2020-11-23T17:36:18.719-0800 [DEBUG] [org.gradle.cache.internal.LockOnDemandCrossProcessCacheAccess] Releasing file lock for execution history cache (/Users/jose.padilla/Development/Helium/HeliumExamples/android-helium-sdk-example/HeliumExample/caches/6.1.1/executionHistory)
2020-11-23T17:36:18.719-0800 [DEBUG] [org.gradle.cache.internal.DefaultFileLockManager] Releasing lock on execution history cache (/Users/jose.padilla/Development/Helium/HeliumExamples/android-helium-sdk-example/HeliumExample/caches/6.1.1/executionHistory).
2020-11-23T17:36:18.743-0800 [DEBUG] [org.gradle.cache.internal.VersionSpecificCacheCleanupAction] Processed version-specific caches at /Users/jose.padilla/Development/Helium/HeliumExamples/android-helium-sdk-example/HeliumExample/caches for cleanup in 0.019 secs
2020-11-23T17:36:18.745-0800 [DEBUG] [org.gradle.cache.internal.WrapperDistributionCleanupAction] Could not determine Gradle version for /Users/jose.padilla/Development/Helium/HeliumExamples/android-helium-sdk-example/HeliumExample/wrapper/dists/gradle-6.1.1-bin/4i3ntwqiazourd86epxcz427c: No checked JAR file contained a build receipt: [] (java.lang.IllegalArgumentException)
Daemon vm is shutting down... The daemon has exited normally or was terminated in response to a user interrupt.
2020-11-23T17:36:18.747-0800 [DEBUG] [org.gradle.launcher.daemon.registry.PersistentDaemonRegistry] Removing daemon address: [f788cb19-ecf4-4674-be3a-b37cc194bae2 port:60225, addresses:[localhost/127.0.0.1]]
2020-11-23T17:36:18.748-0800 [DEBUG] [org.gradle.cache.internal.DefaultFileLockManager] Waiting to acquire exclusive lock on daemon addresses registry.
2020-11-23T17:36:18.749-0800 [DEBUG] [org.gradle.cache.internal.DefaultFileLockManager] Lock acquired on daemon addresses registry.
2020-11-23T17:36:18.749-0800 [DEBUG] [org.gradle.cache.internal.DefaultFileLockManager] Releasing lock on daemon addresses registry.
